#
# There is insufficient memory for the Java Runtime Environment to continue.
# Native memory allocation (malloc) failed to allocate 1048576 bytes. Error detail: AllocateHeap
# Possible reasons:
#   The system is out of physical RAM or swap space
#   This process is running with CompressedOops enabled, and the Java Heap may be blocking the growth of the native heap
# Possible solutions:
#   Reduce memory load on the system
#   Increase physical memory or swap space
#   Check if swap backing store is full
#   Decrease Java heap size (-Xmx/-Xms)
#   Decrease number of Java threads
#   Decrease Java thread stack sizes (-Xss)
#   Set larger code cache with -XX:ReservedCodeCacheSize=
#   JVM is running with Unscaled Compressed Oops mode in which the Java heap is
#     placed in the first 4GB address space. The Java Heap base address is the
#     maximum limit for the native heap growth. Please use -XX:HeapBaseMinAddress
#     to set the Java Heap base and to place the Java Heap above 4GB virtual address.
# This output file may be truncated or incomplete.
#
#  Out of Memory Error (allocation.cpp:44), pid=14660, tid=30908
#
# JRE version: OpenJDK Runtime Environment Temurin-21.0.9+10 (21.0.9+10) (build 21.0.9+10-LTS)
# Java VM: OpenJDK 64-Bit Server VM Temurin-21.0.9+10 (21.0.9+10-LTS, mixed mode, sharing, tiered, compressed oops, compressed class ptrs, parallel gc, windows-amd64)
# No core dump will be written. Minidumps are not enabled by default on client versions of Windows
#

---------------  S U M M A R Y ------------

Command Line: --add-modules=ALL-SYSTEM --add-opens=java.base/java.util=ALL-UNNAMED --add-opens=java.base/java.lang=ALL-UNNAMED --add-opens=java.base/sun.nio.fs=ALL-UNNAMED -Declipse.application=org.eclipse.jdt.ls.core.id1 -Dosgi.bundles.defaultStartLevel=4 -Declipse.product=org.eclipse.jdt.ls.core.product -Djava.import.generatesMetadataFilesAtProjectRoot=false -DDetectVMInstallationsJob.disabled=true -Dfile.encoding=utf8 -XX:+UseParallelGC -XX:GCTimeRatio=4 -XX:AdaptiveSizePolicyWeight=90 -Dsun.zip.disableMemoryMapping=true -Xmx2G -Xms100m -Xlog:disable -javaagent:c:\Users\lenovo\.vscode\extensions\redhat.java-1.50.0-win32-x64\lombok\lombok-1.18.39-4050.jar -XX:+HeapDumpOnOutOfMemoryError -XX:HeapDumpPath=c:\Users\lenovo\AppData\Roaming\Code\User\workspaceStorage\6a0b0fa8397d01a94010c20c840e3635\redhat.java -Daether.dependencyCollector.impl=bf c:\Users\lenovo\.vscode\extensions\redhat.java-1.50.0-win32-x64\server\plugins\org.eclipse.equinox.launcher_1.7.100.v20251111-0406.jar -configuration c:\Users\lenovo\AppData\Roaming\Code\User\globalStorage\redhat.java\1.50.0\config_win -data c:\Users\lenovo\AppData\Roaming\Code\User\workspaceStorage\6a0b0fa8397d01a94010c20c840e3635\redhat.java\jdt_ws --pipe=\\.\pipe\lsp-6f5d128df5bc0ee971598aa23b56aef7-sock

Host: 11th Gen Intel(R) Core(TM) i5-1135G7 @ 2.40GHz, 8 cores, 19G,  Windows 11 , 64 bit Build 26100 (10.0.26100.7309)
Time: Tue Dec 16 01:19:55 2025 Greenwich elapsed time: 5266.107376 seconds (0d 1h 27m 46s)

---------------  T H R E A D  ---------------

Current thread (0x000001de48cae910):  JavaThread "Attach Listener" daemon [_thread_in_vm, id=30908, stack(0x0000003de9e00000,0x0000003de9f00000) (1024K)]

Stack: [0x0000003de9e00000,0x0000003de9f00000]
Native frames: (J=compiled Java code, j=interpreted, Vv=VM code, C=native code)
V  [jvm.dll+0x6d6e29]
V  [jvm.dll+0x8b4b76]
V  [jvm.dll+0x8b712e]
V  [jvm.dll+0x8b7813]
V  [jvm.dll+0x283d86]
V  [jvm.dll+0xc1277]
V  [jvm.dll+0x6d76d9]
V  [jvm.dll+0x133466]
V  [jvm.dll+0x3f7ea6]
V  [jvm.dll+0x85e9ad]
V  [jvm.dll+0x6d565d]
C  [ucrtbase.dll+0x37b0]
C  [KERNEL32.DLL+0x2e8d7]
C  [ntdll.dll+0x8c53c]


---------------  P R O C E S S  ---------------

Threads class SMR info:
_java_thread_list=0x000001de92f5e170, length=34, elements={
0x000001de32231340, 0x000001de322ddc20, 0x000001de48c9b480, 0x000001de48caf630,
0x000001de48cae910, 0x000001de48cadbf0, 0x000001de48cad560, 0x000001de48cbf920,
0x000001de48cc01a0, 0x000001de48cac840, 0x000001de48cae280, 0x000001de48caefa0,
0x000001de48cac1b0, 0x000001de48caced0, 0x000001de905dd100, 0x000001de905dc3e0,
0x000001de905dde20, 0x000001de905dd790, 0x000001de905db030, 0x000001de905df1d0,
0x000001de905de4b0, 0x000001de905df860, 0x000001de905dfef0, 0x000001de905dca70,
0x000001de905e1fc0, 0x000001de905e0c10, 0x000001de905e12a0, 0x000001de905e0580,
0x000001de905e1930, 0x000001de905e2650, 0x000001de934e9950, 0x000001de934e9fe0,
0x000001de934ea670, 0x000001de934ead00
}

Java Threads: ( => current thread )
  0x000001de32231340 JavaThread "main"                              [_thread_blocked, id=12108, stack(0x0000003de9700000,0x0000003de9800000) (1024K)]
  0x000001de322ddc20 JavaThread "Reference Handler"          daemon [_thread_blocked, id=32264, stack(0x0000003de9b00000,0x0000003de9c00000) (1024K)]
  0x000001de48c9b480 JavaThread "Finalizer"                  daemon [_thread_blocked, id=32856, stack(0x0000003de9c00000,0x0000003de9d00000) (1024K)]
  0x000001de48caf630 JavaThread "Signal Dispatcher"          daemon [_thread_blocked, id=32780, stack(0x0000003de9d00000,0x0000003de9e00000) (1024K)]
=>0x000001de48cae910 JavaThread "Attach Listener"            daemon [_thread_in_vm, id=30908, stack(0x0000003de9e00000,0x0000003de9f00000) (1024K)]
  0x000001de48cadbf0 JavaThread "Service Thread"             daemon [_thread_blocked, id=30940, stack(0x0000003de9f00000,0x0000003dea000000) (1024K)]
  0x000001de48cad560 JavaThread "Monitor Deflation Thread"   daemon [_thread_blocked, id=18264, stack(0x0000003dea000000,0x0000003dea100000) (1024K)]
  0x000001de48cbf920 JavaThread "C2 CompilerThread0"         daemon [_thread_blocked, id=29596, stack(0x0000003dea100000,0x0000003dea200000) (1024K)]
  0x000001de48cc01a0 JavaThread "C1 CompilerThread0"         daemon [_thread_blocked, id=18268, stack(0x0000003dea200000,0x0000003dea300000) (1024K)]
  0x000001de48cac840 JavaThread "Common-Cleaner"             daemon [_thread_blocked, id=12096, stack(0x0000003dea400000,0x0000003dea500000) (1024K)]
  0x000001de48cae280 JavaThread "Notification Thread"        daemon [_thread_blocked, id=268, stack(0x0000003dea500000,0x0000003dea600000) (1024K)]
  0x000001de48caefa0 JavaThread "Active Thread: Equinox Container: 0662718a-d990-470f-a4ba-29e6c49ca394"        [_thread_blocked, id=21076, stack(0x0000003dea300000,0x0000003dea400000) (1024K)]
  0x000001de48cac1b0 JavaThread "Refresh Thread: Equinox Container: 0662718a-d990-470f-a4ba-29e6c49ca394" daemon [_thread_blocked, id=19396, stack(0x0000003dea600000,0x0000003dea700000) (1024K)]
  0x000001de48caced0 JavaThread "Framework Event Dispatcher: Equinox Container: 0662718a-d990-470f-a4ba-29e6c49ca394" daemon [_thread_blocked, id=23904, stack(0x0000003deae00000,0x0000003deaf00000) (1024K)]
  0x000001de905dd100 JavaThread "Start Level: Equinox Container: 0662718a-d990-470f-a4ba-29e6c49ca394" daemon [_thread_blocked, id=27260, stack(0x0000003deaf00000,0x0000003deb000000) (1024K)]
  0x000001de905dc3e0 JavaThread "Bundle File Closer"         daemon [_thread_blocked, id=21212, stack(0x0000003deb000000,0x0000003deb100000) (1024K)]
  0x000001de905dde20 JavaThread "SCR Component Actor"        daemon [_thread_blocked, id=18260, stack(0x0000003de9600000,0x0000003de9700000) (1024K)]
  0x000001de905dd790 JavaThread "Worker-JM"                         [_thread_blocked, id=14616, stack(0x0000003deb100000,0x0000003deb200000) (1024K)]
  0x000001de905db030 JavaThread "Worker-0"                          [_thread_blocked, id=31584, stack(0x0000003deb300000,0x0000003deb400000) (1024K)]
  0x000001de905df1d0 JavaThread "Java indexing"              daemon [_thread_blocked, id=15312, stack(0x0000003deb500000,0x0000003deb600000) (1024K)]
  0x000001de905de4b0 JavaThread "JNA Cleaner"                daemon [_thread_blocked, id=26408, stack(0x0000003deb600000,0x0000003deb700000) (1024K)]
  0x000001de905df860 JavaThread "Thread-1"                   daemon [_thread_in_native, id=30936, stack(0x0000003deba00000,0x0000003debb00000) (1024K)]
  0x000001de905dfef0 JavaThread "Thread-2"                   daemon [_thread_in_native, id=15456, stack(0x0000003debb00000,0x0000003debc00000) (1024K)]
  0x000001de905dca70 JavaThread "Thread-3"                   daemon [_thread_in_native, id=32012, stack(0x0000003debc00000,0x0000003debd00000) (1024K)]
  0x000001de905e1fc0 JavaThread "Thread-4"                   daemon [_thread_in_native, id=26552, stack(0x0000003debd00000,0x0000003debe00000) (1024K)]
  0x000001de905e0c10 JavaThread "Thread-5"                   daemon [_thread_in_native, id=21280, stack(0x0000003debe00000,0x0000003debf00000) (1024K)]
  0x000001de905e12a0 JavaThread "Thread-6"                   daemon [_thread_in_native, id=20684, stack(0x0000003debf00000,0x0000003dec000000) (1024K)]
  0x000001de905e0580 JavaThread "Thread-7"                   daemon [_thread_in_native, id=23636, stack(0x0000003dec000000,0x0000003dec100000) (1024K)]
  0x000001de905e1930 JavaThread "Thread-8"                   daemon [_thread_in_native, id=15180, stack(0x0000003dec100000,0x0000003dec200000) (1024K)]
  0x000001de905e2650 JavaThread "Thread-9"                   daemon [_thread_in_native, id=30924, stack(0x0000003dec200000,0x0000003dec300000) (1024K)]
  0x000001de934e9950 JavaThread "pool-2-thread-1"                   [_thread_blocked, id=8412, stack(0x0000003dec300000,0x0000003dec400000) (1024K)]
  0x000001de934e9fe0 JavaThread "WorkspaceEventsHandler"            [_thread_blocked, id=33428, stack(0x0000003dec700000,0x0000003dec800000) (1024K)]
  0x000001de934ea670 JavaThread "pool-1-thread-1"                   [_thread_blocked, id=31636, stack(0x0000003dec800000,0x0000003dec900000) (1024K)]
  0x000001de934ead00 JavaThread "Worker-7"                          [_thread_blocked, id=29188, stack(0x0000003deb200000,0x0000003deb300000) (1024K)]
Total: 34

Other Threads:
  0x000001de48c93850 VMThread "VM Thread"                           [id=26996, stack(0x0000003de9a00000,0x0000003de9b00000) (1024K)]
  0x000001de32295830 WatcherThread "VM Periodic Task Thread"        [id=6600, stack(0x0000003de9900000,0x0000003de9a00000) (1024K)]
  0x000001de322489c0 WorkerThread "GC Thread#0"                     [id=12992, stack(0x0000003de9800000,0x0000003de9900000) (1024K)]
  0x000001de9063b840 WorkerThread "GC Thread#1"                     [id=16812, stack(0x0000003dea700000,0x0000003dea800000) (1024K)]
  0x000001de9063bfe0 WorkerThread "GC Thread#2"                     [id=23844, stack(0x0000003dea800000,0x0000003dea900000) (1024K)]
  0x000001de9072d020 WorkerThread "GC Thread#3"                     [id=22004, stack(0x0000003dea900000,0x0000003deaa00000) (1024K)]
  0x000001de9072d3c0 WorkerThread "GC Thread#4"                     [id=1408, stack(0x0000003deaa00000,0x0000003deab00000) (1024K)]
  0x000001de9072d760 WorkerThread "GC Thread#5"                     [id=18120, stack(0x0000003deab00000,0x0000003deac00000) (1024K)]
  0x000001de9072db00 WorkerThread "GC Thread#6"                     [id=5396, stack(0x0000003deac00000,0x0000003dead00000) (1024K)]
  0x000001de8b915dd0 WorkerThread "GC Thread#7"                     [id=15996, stack(0x0000003dead00000,0x0000003deae00000) (1024K)]
Total: 10

Threads with active compile tasks:
Total: 0

VM state: not at safepoint (normal execution)

VM Mutex/Monitor currently owned by a thread: None

Heap address: 0x0000000080000000, size: 2048 MB, Compressed Oops mode: 32-bit

CDS archive(s) mapped at: [0x000001de49000000-0x000001de49ba0000-0x000001de49ba0000), size 12189696, SharedBaseAddress: 0x000001de49000000, ArchiveRelocationMode: 1.
Compressed class space mapped at: 0x000001de4a000000-0x000001de8a000000, reserved size: 1073741824
Narrow klass base: 0x000001de49000000, Narrow klass shift: 0, Narrow klass range: 0x100000000

GC Precious Log:
 CardTable entry size: 512
 CPUs: 8 total, 8 available
 Memory: 20279M
 Large Page Support: Disabled
 NUMA Support: Disabled
 Compressed Oops: Enabled (32-bit)
 Alignments: Space 512K, Generation 512K, Heap 2M
 Heap Min Capacity: 100M
 Heap Initial Capacity: 100M
 Heap Max Capacity: 2G
 Pre-touch: Disabled
 Parallel Workers: 8

Heap:
 PSYoungGen      total 23040K, used 1210K [0x00000000d5580000, 0x00000000d6e80000, 0x0000000100000000)
  eden space 22016K, 2% used [0x00000000d5580000,0x00000000d5616858,0x00000000d6b00000)
  from space 1024K, 59% used [0x00000000d6d80000,0x00000000d6e18000,0x00000000d6e80000)
  to   space 1024K, 0% used [0x00000000d6c80000,0x00000000d6c80000,0x00000000d6d80000)
 ParOldGen       total 68608K, used 35226K [0x0000000080000000, 0x0000000084300000, 0x00000000d5580000)
  object space 68608K, 51% used [0x0000000080000000,0x0000000082266820,0x0000000084300000)
 Metaspace       used 56725K, committed 58048K, reserved 1114112K
  class space    used 6289K, committed 6848K, reserved 1048576K

Card table byte_map: [0x000001de31bc0000,0x000001de31fd0000] _byte_map_base: 0x000001de317c0000

Marking Bits: (ParMarkBitMap*) 0x00007fffc5332460
 Begin Bits: [0x000001de446d0000, 0x000001de466d0000)
 End Bits:   [0x000001de466d0000, 0x000001de486d0000)

Polling page: 0x000001de30090000

Metaspace:

Usage:
  Non-class:     49.25 MB used.
      Class:      6.14 MB used.
       Both:     55.40 MB used.

Virtual space:
  Non-class space:       64.00 MB reserved,      50.00 MB ( 78%) committed,  1 nodes.
      Class space:        1.00 GB reserved,       6.69 MB ( <1%) committed,  1 nodes.
             Both:        1.06 GB reserved,      56.69 MB (  5%) committed. 

Chunk freelists:
   Non-Class:  13.97 MB
       Class:  9.31 MB
        Both:  23.28 MB

MaxMetaspaceSize: unlimited
CompressedClassSpaceSize: 1.00 GB
Initial GC threshold: 21.00 MB
Current GC threshold: 58.38 MB
CDS: on
 - commit_granule_bytes: 65536.
 - commit_granule_words: 8192.
 - virtual_space_node_default_size: 8388608.
 - enlarge_chunks_in_place: 1.
 - use_allocation_guard: 0.


Internal statistics:

num_allocs_failed_limit: 6.
num_arena_births: 1030.
num_arena_deaths: 40.
num_vsnodes_births: 2.
num_vsnodes_deaths: 0.
num_space_committed: 907.
num_space_uncommitted: 0.
num_chunks_returned_to_freelist: 57.
num_chunks_taken_from_freelist: 3405.
num_chunk_merges: 11.
num_chunk_splits: 2101.
num_chunks_enlarged: 1270.
num_inconsistent_stats: 0.

CodeHeap 'non-profiled nmethods': size=120000Kb used=4910Kb max_used=4910Kb free=115089Kb
 bounds [0x000001de3cef0000, 0x000001de3d3c0000, 0x000001de44420000]
CodeHeap 'profiled nmethods': size=120000Kb used=17455Kb max_used=17455Kb free=102544Kb
 bounds [0x000001de35420000, 0x000001de36530000, 0x000001de3c950000]
CodeHeap 'non-nmethods': size=5760Kb used=1429Kb max_used=1461Kb free=4330Kb
 bounds [0x000001de3c950000, 0x000001de3cbc0000, 0x000001de3cef0000]
CodeCache: size=245760Kb, used=23794Kb, max_used=23826Kb, free=221963Kb
 total_blobs=9145, nmethods=8424, adapters=625, full_count=0
Compilation: enabled, stopped_count=0, restarted_count=0

Compilation events (20 events):
Event: 2798.123 Thread 0x000001de48cc01a0 9015       3       java.lang.ProcessHandleImpl::<init> (15 bytes)
Event: 2798.123 Thread 0x000001de48cc01a0 nmethod 9015 0x000001de36527090 code [0x000001de36527240, 0x000001de365273b0]
Event: 3044.411 Thread 0x000001de48cc01a0 9016       3       org.eclipse.core.internal.dtree.DataTreeNode::storeStrings (28 bytes)
Event: 3044.412 Thread 0x000001de48cc01a0 nmethod 9016 0x000001de36527490 code [0x000001de36527660, 0x000001de36527ae0]
Event: 3044.412 Thread 0x000001de48cc01a0 9017       3       org.eclipse.core.internal.resources.ResourceInfo::shareStrings (43 bytes)
Event: 3044.412 Thread 0x000001de48cc01a0 nmethod 9017 0x000001de36527c10 code [0x000001de36527de0, 0x000001de365280a8]
Event: 3424.361 Thread 0x000001de48cc01a0 9018       1       org.eclipse.osgi.internal.location.BasicLocation::isReadOnly (5 bytes)
Event: 3424.437 Thread 0x000001de48cc01a0 nmethod 9018 0x000001de3d3bb390 code [0x000001de3d3bb520, 0x000001de3d3bb5f0]
Event: 3890.285 Thread 0x000001de48cc01a0 9019       3       java.lang.ProcessHandleImpl::get (51 bytes)
Event: 3891.858 Thread 0x000001de48cc01a0 nmethod 9019 0x000001de36528210 code [0x000001de36528420, 0x000001de36528a28]
Event: 4550.205 Thread 0x000001de48cbf920 9022       4       java.util.concurrent.locks.ReentrantLock::lock (8 bytes)
Event: 4550.376 Thread 0x000001de48cbf920 nmethod 9022 0x000001de3d3bb690 code [0x000001de3d3bb840, 0x000001de3d3bb9b0]
Event: 4670.216 Thread 0x000001de48cc01a0 9023   !   3       java.lang.ref.ReferenceQueue::remove (61 bytes)
Event: 4670.383 Thread 0x000001de48cc01a0 nmethod 9023 0x000001de36528c90 code [0x000001de36528f20, 0x000001de36529aa8]
Event: 4971.049 Thread 0x000001de48cc01a0 9025       3       java.util.concurrent.locks.AbstractQueuedSynchronizer$ConditionObject::await (202 bytes)
Event: 4971.293 Thread 0x000001de48cc01a0 nmethod 9025 0x000001de36529e90 code [0x000001de3652a180, 0x000001de3652afb0]
Event: 5030.601 Thread 0x000001de48cc01a0 9026       3       java.lang.ref.ReferenceQueue::await (15 bytes)
Event: 5030.602 Thread 0x000001de48cc01a0 nmethod 9026 0x000001de3652b590 code [0x000001de3652b740, 0x000001de3652b8e0]
Event: 5171.636 Thread 0x000001de48cc01a0 9027       3       java.lang.ProcessHandleImpl::isAlive (44 bytes)
Event: 5171.637 Thread 0x000001de48cc01a0 nmethod 9027 0x000001de3652ba10 code [0x000001de3652bbc0, 0x000001de3652be20]

GC Heap History (20 events):
Event: 47.283 GC heap before
{Heap before GC invocations=17 (full 2):
 PSYoungGen      total 23040K, used 22880K [0x00000000d5580000, 0x00000000d7200000, 0x0000000100000000)
  eden space 22016K, 100% used [0x00000000d5580000,0x00000000d6b00000,0x00000000d6b00000)
  from space 1024K, 84% used [0x00000000d7100000,0x00000000d71d8000,0x00000000d7200000)
  to   space 1024K, 0% used [0x00000000d7000000,0x00000000d7000000,0x00000000d7100000)
 ParOldGen       total 68608K, used 18655K [0x0000000080000000, 0x0000000084300000, 0x00000000d5580000)
  object space 68608K, 27% used [0x0000000080000000,0x0000000081237f98,0x0000000084300000)
 Metaspace       used 41261K, committed 42368K, reserved 1114112K
  class space    used 4458K, committed 4928K, reserved 1048576K
}
Event: 47.286 GC heap after
{Heap after GC invocations=17 (full 2):
 PSYoungGen      total 23040K, used 1024K [0x00000000d5580000, 0x00000000d7180000, 0x0000000100000000)
  eden space 22016K, 0% used [0x00000000d5580000,0x00000000d5580000,0x00000000d6b00000)
  from space 1024K, 100% used [0x00000000d7000000,0x00000000d7100000,0x00000000d7100000)
  to   space 512K, 0% used [0x00000000d7100000,0x00000000d7100000,0x00000000d7180000)
 ParOldGen       total 68608K, used 19527K [0x0000000080000000, 0x0000000084300000, 0x00000000d5580000)
  object space 68608K, 28% used [0x0000000080000000,0x0000000081311fb8,0x0000000084300000)
 Metaspace       used 41261K, committed 42368K, reserved 1114112K
  class space    used 4458K, committed 4928K, reserved 1048576K
}
Event: 47.646 GC heap before
{Heap before GC invocations=18 (full 2):
 PSYoungGen      total 23040K, used 23040K [0x00000000d5580000, 0x00000000d7180000, 0x0000000100000000)
  eden space 22016K, 100% used [0x00000000d5580000,0x00000000d6b00000,0x00000000d6b00000)
  from space 1024K, 100% used [0x00000000d7000000,0x00000000d7100000,0x00000000d7100000)
  to   space 512K, 0% used [0x00000000d7100000,0x00000000d7100000,0x00000000d7180000)
 ParOldGen       total 68608K, used 19527K [0x0000000080000000, 0x0000000084300000, 0x00000000d5580000)
  object space 68608K, 28% used [0x0000000080000000,0x0000000081311fb8,0x0000000084300000)
 Metaspace       used 43480K, committed 44544K, reserved 1114112K
  class space    used 4758K, committed 5184K, reserved 1048576K
}
Event: 47.649 GC heap after
{Heap after GC invocations=18 (full 2):
 PSYoungGen      total 22528K, used 512K [0x00000000d5580000, 0x00000000d7700000, 0x0000000100000000)
  eden space 22016K, 0% used [0x00000000d5580000,0x00000000d5580000,0x00000000d6b00000)
  from space 512K, 100% used [0x00000000d7100000,0x00000000d7180000,0x00000000d7180000)
  to   space 6144K, 0% used [0x00000000d6b00000,0x00000000d6b00000,0x00000000d7100000)
 ParOldGen       total 68608K, used 24256K [0x0000000080000000, 0x0000000084300000, 0x00000000d5580000)
  object space 68608K, 35% used [0x0000000080000000,0x00000000817b0008,0x0000000084300000)
 Metaspace       used 43480K, committed 44544K, reserved 1114112K
  class space    used 4758K, committed 5184K, reserved 1048576K
}
Event: 47.864 GC heap before
{Heap before GC invocations=19 (full 2):
 PSYoungGen      total 22528K, used 22528K [0x00000000d5580000, 0x00000000d7700000, 0x0000000100000000)
  eden space 22016K, 100% used [0x00000000d5580000,0x00000000d6b00000,0x00000000d6b00000)
  from space 512K, 100% used [0x00000000d7100000,0x00000000d7180000,0x00000000d7180000)
  to   space 6144K, 0% used [0x00000000d6b00000,0x00000000d6b00000,0x00000000d7100000)
 ParOldGen       total 68608K, used 24256K [0x0000000080000000, 0x0000000084300000, 0x00000000d5580000)
  object space 68608K, 35% used [0x0000000080000000,0x00000000817b0008,0x0000000084300000)
 Metaspace       used 46659K, committed 47680K, reserved 1114112K
  class space    used 5115K, committed 5568K, reserved 1048576K
}
Event: 47.868 GC heap after
{Heap after GC invocations=19 (full 2):
 PSYoungGen      total 24064K, used 1792K [0x00000000d5580000, 0x00000000d7180000, 0x0000000100000000)
  eden space 22016K, 0% used [0x00000000d5580000,0x00000000d5580000,0x00000000d6b00000)
  from space 2048K, 87% used [0x00000000d6b00000,0x00000000d6cc0000,0x00000000d6d00000)
  to   space 3072K, 0% used [0x00000000d6e80000,0x00000000d6e80000,0x00000000d7180000)
 ParOldGen       total 68608K, used 24784K [0x0000000080000000, 0x0000000084300000, 0x00000000d5580000)
  object space 68608K, 36% used [0x0000000080000000,0x0000000081834008,0x0000000084300000)
 Metaspace       used 46659K, committed 47680K, reserved 1114112K
  class space    used 5115K, committed 5568K, reserved 1048576K
}
Event: 48.676 GC heap before
{Heap before GC invocations=20 (full 2):
 PSYoungGen      total 24064K, used 23807K [0x00000000d5580000, 0x00000000d7180000, 0x0000000100000000)
  eden space 22016K, 99% used [0x00000000d5580000,0x00000000d6afff88,0x00000000d6b00000)
  from space 2048K, 87% used [0x00000000d6b00000,0x00000000d6cc0000,0x00000000d6d00000)
  to   space 3072K, 0% used [0x00000000d6e80000,0x00000000d6e80000,0x00000000d7180000)
 ParOldGen       total 68608K, used 24784K [0x0000000080000000, 0x0000000084300000, 0x00000000d5580000)
  object space 68608K, 36% used [0x0000000080000000,0x0000000081834008,0x0000000084300000)
 Metaspace       used 49312K, committed 50368K, reserved 1114112K
  class space    used 5435K, committed 5888K, reserved 1048576K
}
Event: 48.678 GC heap after
{Heap after GC invocations=20 (full 2):
 PSYoungGen      total 23552K, used 1130K [0x00000000d5580000, 0x00000000d7000000, 0x0000000100000000)
  eden space 22016K, 0% used [0x00000000d5580000,0x00000000d5580000,0x00000000d6b00000)
  from space 1536K, 73% used [0x00000000d6e80000,0x00000000d6f9ab48,0x00000000d7000000)
  to   space 2048K, 0% used [0x00000000d6c00000,0x00000000d6c00000,0x00000000d6e00000)
 ParOldGen       total 68608K, used 26415K [0x0000000080000000, 0x0000000084300000, 0x00000000d5580000)
  object space 68608K, 38% used [0x0000000080000000,0x00000000819cbfb0,0x0000000084300000)
 Metaspace       used 49312K, committed 50368K, reserved 1114112K
  class space    used 5435K, committed 5888K, reserved 1048576K
}
Event: 48.938 GC heap before
{Heap before GC invocations=21 (full 2):
 PSYoungGen      total 23552K, used 23146K [0x00000000d5580000, 0x00000000d7000000, 0x0000000100000000)
  eden space 22016K, 100% used [0x00000000d5580000,0x00000000d6b00000,0x00000000d6b00000)
  from space 1536K, 73% used [0x00000000d6e80000,0x00000000d6f9ab48,0x00000000d7000000)
  to   space 2048K, 0% used [0x00000000d6c00000,0x00000000d6c00000,0x00000000d6e00000)
 ParOldGen       total 68608K, used 26415K [0x0000000080000000, 0x0000000084300000, 0x00000000d5580000)
  object space 68608K, 38% used [0x0000000080000000,0x00000000819cbfb0,0x0000000084300000)
 Metaspace       used 49845K, committed 50944K, reserved 1114112K
  class space    used 5488K, committed 5952K, reserved 1048576K
}
Event: 48.940 GC heap after
{Heap after GC invocations=21 (full 2):
 PSYoungGen      total 24064K, used 2040K [0x00000000d5580000, 0x00000000d7000000, 0x0000000100000000)
  eden space 22016K, 0% used [0x00000000d5580000,0x00000000d5580000,0x00000000d6b00000)
  from space 2048K, 99% used [0x00000000d6c00000,0x00000000d6dfe2d8,0x00000000d6e00000)
  to   space 2048K, 0% used [0x00000000d6e00000,0x00000000d6e00000,0x00000000d7000000)
 ParOldGen       total 68608K, used 27701K [0x0000000080000000, 0x0000000084300000, 0x00000000d5580000)
  object space 68608K, 40% used [0x0000000080000000,0x0000000081b0d4e0,0x0000000084300000)
 Metaspace       used 49845K, committed 50944K, reserved 1114112K
  class space    used 5488K, committed 5952K, reserved 1048576K
}
Event: 49.610 GC heap before
{Heap before GC invocations=22 (full 2):
 PSYoungGen      total 24064K, used 23630K [0x00000000d5580000, 0x00000000d7000000, 0x0000000100000000)
  eden space 22016K, 98% used [0x00000000d5580000,0x00000000d6a956c0,0x00000000d6b00000)
  from space 2048K, 99% used [0x00000000d6c00000,0x00000000d6dfe2d8,0x00000000d6e00000)
  to   space 2048K, 0% used [0x00000000d6e00000,0x00000000d6e00000,0x00000000d7000000)
 ParOldGen       total 68608K, used 27701K [0x0000000080000000, 0x0000000084300000, 0x00000000d5580000)
  object space 68608K, 40% used [0x0000000080000000,0x0000000081b0d4e0,0x0000000084300000)
 Metaspace       used 52200K, committed 53440K, reserved 1114112K
  class space    used 5781K, committed 6336K, reserved 1048576K
}
Event: 49.613 GC heap after
{Heap after GC invocations=22 (full 2):
 PSYoungGen      total 24064K, used 1890K [0x00000000d5580000, 0x00000000d7000000, 0x0000000100000000)
  eden space 22016K, 0% used [0x00000000d5580000,0x00000000d5580000,0x00000000d6b00000)
  from space 2048K, 92% used [0x00000000d6e00000,0x00000000d6fd8920,0x00000000d7000000)
  to   space 2048K, 0% used [0x00000000d6c00000,0x00000000d6c00000,0x00000000d6e00000)
 ParOldGen       total 68608K, used 28400K [0x0000000080000000, 0x0000000084300000, 0x00000000d5580000)
  object space 68608K, 41% used [0x0000000080000000,0x0000000081bbc050,0x0000000084300000)
 Metaspace       used 52200K, committed 53440K, reserved 1114112K
  class space    used 5781K, committed 6336K, reserved 1048576K
}
Event: 50.343 GC heap before
{Heap before GC invocations=23 (full 2):
 PSYoungGen      total 24064K, used 23906K [0x00000000d5580000, 0x00000000d7000000, 0x0000000100000000)
  eden space 22016K, 100% used [0x00000000d5580000,0x00000000d6b00000,0x00000000d6b00000)
  from space 2048K, 92% used [0x00000000d6e00000,0x00000000d6fd8920,0x00000000d7000000)
  to   space 2048K, 0% used [0x00000000d6c00000,0x00000000d6c00000,0x00000000d6e00000)
 ParOldGen       total 68608K, used 28400K [0x0000000080000000, 0x0000000084300000, 0x00000000d5580000)
  object space 68608K, 41% used [0x0000000080000000,0x0000000081bbc050,0x0000000084300000)
 Metaspace       used 52596K, committed 53824K, reserved 1114112K
  class space    used 5807K, committed 6336K, reserved 1048576K
}
Event: 50.345 GC heap after
{Heap after GC invocations=23 (full 2):
 PSYoungGen      total 24064K, used 2048K [0x00000000d5580000, 0x00000000d7300000, 0x0000000100000000)
  eden space 22016K, 0% used [0x00000000d5580000,0x00000000d5580000,0x00000000d6b00000)
  from space 2048K, 100% used [0x00000000d6c00000,0x00000000d6e00000,0x00000000d6e00000)
  to   space 4096K, 0% used [0x00000000d6f00000,0x00000000d6f00000,0x00000000d7300000)
 ParOldGen       total 68608K, used 29830K [0x0000000080000000, 0x0000000084300000, 0x00000000d5580000)
  object space 68608K, 43% used [0x0000000080000000,0x0000000081d218d8,0x0000000084300000)
 Metaspace       used 52596K, committed 53824K, reserved 1114112K
  class space    used 5807K, committed 6336K, reserved 1048576K
}
Event: 57.827 GC heap before
{Heap before GC invocations=24 (full 2):
 PSYoungGen      total 24064K, used 24064K [0x00000000d5580000, 0x00000000d7300000, 0x0000000100000000)
  eden space 22016K, 100% used [0x00000000d5580000,0x00000000d6b00000,0x00000000d6b00000)
  from space 2048K, 100% used [0x00000000d6c00000,0x00000000d6e00000,0x00000000d6e00000)
  to   space 4096K, 0% used [0x00000000d6f00000,0x00000000d6f00000,0x00000000d7300000)
 ParOldGen       total 68608K, used 29830K [0x0000000080000000, 0x0000000084300000, 0x00000000d5580000)
  object space 68608K, 43% used [0x0000000080000000,0x0000000081d218d8,0x0000000084300000)
 Metaspace       used 53567K, committed 54784K, reserved 1114112K
  class space    used 5928K, committed 6464K, reserved 1048576K
}
Event: 57.829 GC heap after
{Heap after GC invocations=24 (full 2):
 PSYoungGen      total 24576K, used 2207K [0x00000000d5580000, 0x00000000d7180000, 0x0000000100000000)
  eden space 22016K, 0% used [0x00000000d5580000,0x00000000d5580000,0x00000000d6b00000)
  from space 2560K, 86% used [0x00000000d6f00000,0x00000000d7127c00,0x00000000d7180000)
  to   space 3072K, 0% used [0x00000000d6b80000,0x00000000d6b80000,0x00000000d6e80000)
 ParOldGen       total 68608K, used 31838K [0x0000000080000000, 0x0000000084300000, 0x00000000d5580000)
  object space 68608K, 46% used [0x0000000080000000,0x0000000081f178d8,0x0000000084300000)
 Metaspace       used 53567K, committed 54784K, reserved 1114112K
  class space    used 5928K, committed 6464K, reserved 1048576K
}
Event: 61.297 GC heap before
{Heap before GC invocations=25 (full 2):
 PSYoungGen      total 24576K, used 24222K [0x00000000d5580000, 0x00000000d7180000, 0x0000000100000000)
  eden space 22016K, 99% used [0x00000000d5580000,0x00000000d6affff8,0x00000000d6b00000)
  from space 2560K, 86% used [0x00000000d6f00000,0x00000000d7127c00,0x00000000d7180000)
  to   space 3072K, 0% used [0x00000000d6b80000,0x00000000d6b80000,0x00000000d6e80000)
 ParOldGen       total 68608K, used 31838K [0x0000000080000000, 0x0000000084300000, 0x00000000d5580000)
  object space 68608K, 46% used [0x0000000080000000,0x0000000081f178d8,0x0000000084300000)
 Metaspace       used 54920K, committed 56128K, reserved 1114112K
  class space    used 6097K, committed 6592K, reserved 1048576K
}
Event: 61.301 GC heap after
{Heap after GC invocations=25 (full 2):
 PSYoungGen      total 23552K, used 1496K [0x00000000d5580000, 0x00000000d6f80000, 0x0000000100000000)
  eden space 22016K, 0% used [0x00000000d5580000,0x00000000d5580000,0x00000000d6b00000)
  from space 1536K, 97% used [0x00000000d6b80000,0x00000000d6cf61a8,0x00000000d6d00000)
  to   space 2048K, 0% used [0x00000000d6d80000,0x00000000d6d80000,0x00000000d6f80000)
 ParOldGen       total 68608K, used 33895K [0x0000000080000000, 0x0000000084300000, 0x00000000d5580000)
  object space 68608K, 49% used [0x0000000080000000,0x0000000082119f60,0x0000000084300000)
 Metaspace       used 54920K, committed 56128K, reserved 1114112K
  class space    used 6097K, committed 6592K, reserved 1048576K
}
Event: 1398.765 GC heap before
{Heap before GC invocations=26 (full 2):
 PSYoungGen      total 23552K, used 23512K [0x00000000d5580000, 0x00000000d6f80000, 0x0000000100000000)
  eden space 22016K, 99% used [0x00000000d5580000,0x00000000d6afffd0,0x00000000d6b00000)
  from space 1536K, 97% used [0x00000000d6b80000,0x00000000d6cf61a8,0x00000000d6d00000)
  to   space 2048K, 0% used [0x00000000d6d80000,0x00000000d6d80000,0x00000000d6f80000)
 ParOldGen       total 68608K, used 33895K [0x0000000080000000, 0x0000000084300000, 0x00000000d5580000)
  object space 68608K, 49% used [0x0000000080000000,0x0000000082119f60,0x0000000084300000)
 Metaspace       used 56669K, committed 57984K, reserved 1114112K
  class space    used 6289K, committed 6848K, reserved 1048576K
}
Event: 1398.767 GC heap after
{Heap after GC invocations=26 (full 2):
 PSYoungGen      total 23040K, used 608K [0x00000000d5580000, 0x00000000d6e80000, 0x0000000100000000)
  eden space 22016K, 0% used [0x00000000d5580000,0x00000000d5580000,0x00000000d6b00000)
  from space 1024K, 59% used [0x00000000d6d80000,0x00000000d6e18000,0x00000000d6e80000)
  to   space 1024K, 0% used [0x00000000d6c80000,0x00000000d6c80000,0x00000000d6d80000)
 ParOldGen       total 68608K, used 35226K [0x0000000080000000, 0x0000000084300000, 0x00000000d5580000)
  object space 68608K, 51% used [0x0000000080000000,0x0000000082266820,0x0000000084300000)
 Metaspace       used 56669K, committed 57984K, reserved 1114112K
  class space    used 6289K, committed 6848K, reserved 1048576K
}

Dll operation events (14 events):
Event: 0.160 Loaded shared library c:\Users\lenovo\.vscode\extensions\redhat.java-1.50.0-win32-x64\jre\21.0.9-win32-x86_64\bin\java.dll
Event: 0.207 Loaded shared library c:\Users\lenovo\.vscode\extensions\redhat.java-1.50.0-win32-x64\jre\21.0.9-win32-x86_64\bin\zip.dll
Event: 0.224 Loaded shared library C:\Users\lenovo\.vscode\extensions\redhat.java-1.50.0-win32-x64\jre\21.0.9-win32-x86_64\bin\instrument.dll
Event: 0.228 Loaded shared library C:\Users\lenovo\.vscode\extensions\redhat.java-1.50.0-win32-x64\jre\21.0.9-win32-x86_64\bin\net.dll
Event: 0.229 Loaded shared library C:\Users\lenovo\.vscode\extensions\redhat.java-1.50.0-win32-x64\jre\21.0.9-win32-x86_64\bin\nio.dll
Event: 0.232 Loaded shared library C:\Users\lenovo\.vscode\extensions\redhat.java-1.50.0-win32-x64\jre\21.0.9-win32-x86_64\bin\zip.dll
Event: 0.247 Loaded shared library C:\Users\lenovo\.vscode\extensions\redhat.java-1.50.0-win32-x64\jre\21.0.9-win32-x86_64\bin\jimage.dll
Event: 0.320 Loaded shared library c:\Users\lenovo\.vscode\extensions\redhat.java-1.50.0-win32-x64\jre\21.0.9-win32-x86_64\bin\verify.dll
Event: 12.817 Loaded shared library C:\Users\lenovo\AppData\Roaming\Code\User\globalStorage\redhat.java\1.50.0\config_win\org.eclipse.equinox.launcher\org.eclipse.equinox.launcher.win32.win32.x86_64_1.2.1400.v20250801-0854\eclipse_11916.dll
Event: 44.261 Loaded shared library C:\Users\lenovo\.vscode\extensions\redhat.java-1.50.0-win32-x64\jre\21.0.9-win32-x86_64\bin\management.dll
Event: 44.263 Loaded shared library C:\Users\lenovo\.vscode\extensions\redhat.java-1.50.0-win32-x64\jre\21.0.9-win32-x86_64\bin\management_ext.dll
Event: 45.553 Loaded shared library C:\Users\lenovo\AppData\Local\Temp\jna--1106355917\jna3970192226409205389.dll
Event: 46.338 Loaded shared library C:\Users\lenovo\.vscode\extensions\redhat.java-1.50.0-win32-x64\jre\21.0.9-win32-x86_64\bin\sunmscapi.dll
Event: 48.261 Loaded shared library C:\Users\lenovo\.vscode\extensions\redhat.java-1.50.0-win32-x64\jre\21.0.9-win32-x86_64\bin\extnet.dll

Deoptimization events (20 events):
Event: 326.756 Thread 0x000001de934e9fe0 Uncommon trap: trap_request=0xffffffc6 fr.pc=0x000001de3d041408 relative=0x00000000000001e8
Event: 326.756 Thread 0x000001de934e9fe0 Uncommon trap: reason=bimorphic_or_optimized_type_check action=maybe_recompile pc=0x000001de3d041408 method=java.util.Collections.eq(Ljava/lang/Object;Ljava/lang/Object;)Z @ 18 c2
Event: 326.756 Thread 0x000001de934e9fe0 DEOPT PACKING pc=0x000001de3d041408 sp=0x0000003dec7fe180
Event: 326.756 Thread 0x000001de934e9fe0 DEOPT UNPACKING pc=0x000001de3c9a6da2 sp=0x0000003dec7fe0c0 mode 2
Event: 326.756 Thread 0x000001de934e9fe0 Uncommon trap: trap_request=0xffffffd6 fr.pc=0x000001de3d380ca8 relative=0x00000000000003c8
Event: 326.756 Thread 0x000001de934e9fe0 Uncommon trap: reason=array_check action=maybe_recompile pc=0x000001de3d380ca8 method=java.util.TimSort.binarySort([Ljava/lang/Object;IIILjava/util/Comparator;)V @ 215 c2
Event: 326.756 Thread 0x000001de934e9fe0 DEOPT PACKING pc=0x000001de3d380ca8 sp=0x0000003dec7fdd80
Event: 326.756 Thread 0x000001de934e9fe0 DEOPT UNPACKING pc=0x000001de3c9a6da2 sp=0x0000003dec7fdd18 mode 2
Event: 326.765 Thread 0x000001de934e9fe0 Uncommon trap: trap_request=0xffffffd6 fr.pc=0x000001de3d380ca8 relative=0x00000000000003c8
Event: 326.765 Thread 0x000001de934e9fe0 Uncommon trap: reason=array_check action=maybe_recompile pc=0x000001de3d380ca8 method=java.util.TimSort.binarySort([Ljava/lang/Object;IIILjava/util/Comparator;)V @ 215 c2
Event: 326.765 Thread 0x000001de934e9fe0 DEOPT PACKING pc=0x000001de3d380ca8 sp=0x0000003dec7fddf0
Event: 326.765 Thread 0x000001de934e9fe0 DEOPT UNPACKING pc=0x000001de3c9a6da2 sp=0x0000003dec7fdd88 mode 2
Event: 326.777 Thread 0x000001de934e9fe0 Uncommon trap: trap_request=0xffffffc6 fr.pc=0x000001de3d041408 relative=0x00000000000001e8
Event: 326.777 Thread 0x000001de934e9fe0 Uncommon trap: reason=bimorphic_or_optimized_type_check action=maybe_recompile pc=0x000001de3d041408 method=java.util.Collections.eq(Ljava/lang/Object;Ljava/lang/Object;)Z @ 18 c2
Event: 326.777 Thread 0x000001de934e9fe0 DEOPT PACKING pc=0x000001de3d041408 sp=0x0000003dec7fe020
Event: 326.777 Thread 0x000001de934e9fe0 DEOPT UNPACKING pc=0x000001de3c9a6da2 sp=0x0000003dec7fdf60 mode 2
Event: 326.777 Thread 0x000001de934e9fe0 Uncommon trap: trap_request=0xffffffc6 fr.pc=0x000001de3d041408 relative=0x00000000000001e8
Event: 326.777 Thread 0x000001de934e9fe0 Uncommon trap: reason=bimorphic_or_optimized_type_check action=maybe_recompile pc=0x000001de3d041408 method=java.util.Collections.eq(Ljava/lang/Object;Ljava/lang/Object;)Z @ 18 c2
Event: 326.777 Thread 0x000001de934e9fe0 DEOPT PACKING pc=0x000001de3d041408 sp=0x0000003dec7fe180
Event: 326.778 Thread 0x000001de934e9fe0 DEOPT UNPACKING pc=0x000001de3c9a6da2 sp=0x0000003dec7fe0c0 mode 2

Classes loaded (20 events):
Event: 61.642 Loading class java/util/concurrent/CompletableFuture$UniApply
Event: 61.642 Loading class java/util/concurrent/CompletableFuture$UniCompletion
Event: 61.642 Loading class java/util/concurrent/CompletableFuture$UniCompletion done
Event: 61.643 Loading class java/util/concurrent/CompletableFuture$UniApply done
Event: 61.644 Loading class java/util/concurrent/CompletableFuture$UniAccept
Event: 61.644 Loading class java/util/concurrent/CompletableFuture$UniAccept done
Event: 61.644 Loading class java/util/concurrent/CompletableFuture$UniExceptionally
Event: 61.645 Loading class java/util/concurrent/CompletableFuture$UniExceptionally done
Event: 326.708 Loading class java/io/SequenceInputStream
Event: 326.708 Loading class java/io/SequenceInputStream done
Event: 326.724 Loading class org/xml/sax/SAXNotRecognizedException
Event: 326.724 Loading class org/xml/sax/SAXNotRecognizedException done
Event: 326.724 Loading class org/xml/sax/SAXNotSupportedException
Event: 326.724 Loading class org/xml/sax/SAXNotSupportedException done
Event: 326.726 Loading class com/sun/org/apache/xerces/internal/util/URI
Event: 326.727 Loading class com/sun/org/apache/xerces/internal/util/URI done
Event: 326.728 Loading class com/sun/org/apache/xerces/internal/xni/XNIException
Event: 326.728 Loading class com/sun/org/apache/xerces/internal/xni/XNIException done
Event: 326.728 Loading class com/sun/org/apache/xerces/internal/xni/parser/XMLParseException
Event: 326.729 Loading class com/sun/org/apache/xerces/internal/xni/parser/XMLParseException done

Classes unloaded (20 events):
Event: 44.878 Thread 0x000001de48c93850 Unloading class 0x000001de4a1a4000 'java/lang/invoke/LambdaForm$MH+0x000001de4a1a4000'
Event: 44.878 Thread 0x000001de48c93850 Unloading class 0x000001de4a1a3c00 'java/lang/invoke/LambdaForm$MH+0x000001de4a1a3c00'
Event: 44.878 Thread 0x000001de48c93850 Unloading class 0x000001de4a1a3800 'java/lang/invoke/LambdaForm$MH+0x000001de4a1a3800'
Event: 44.878 Thread 0x000001de48c93850 Unloading class 0x000001de4a1a3400 'java/lang/invoke/LambdaForm$MH+0x000001de4a1a3400'
Event: 44.878 Thread 0x000001de48c93850 Unloading class 0x000001de4a1a3000 'java/lang/invoke/LambdaForm$BMH+0x000001de4a1a3000'
Event: 44.878 Thread 0x000001de48c93850 Unloading class 0x000001de4a1a2c00 'java/lang/invoke/LambdaForm$DMH+0x000001de4a1a2c00'
Event: 44.878 Thread 0x000001de48c93850 Unloading class 0x000001de4a1a1800 'java/lang/invoke/LambdaForm$DMH+0x000001de4a1a1800'
Event: 46.298 Thread 0x000001de48c93850 Unloading class 0x000001de4a3c3400 'java/lang/invoke/LambdaForm$MH+0x000001de4a3c3400'
Event: 46.298 Thread 0x000001de48c93850 Unloading class 0x000001de4a3c2800 'java/lang/invoke/LambdaForm$MH+0x000001de4a3c2800'
Event: 46.298 Thread 0x000001de48c93850 Unloading class 0x000001de4a3c2000 'java/lang/invoke/LambdaForm$MH+0x000001de4a3c2000'
Event: 46.298 Thread 0x000001de48c93850 Unloading class 0x000001de4a3c1800 'java/lang/invoke/LambdaForm$MH+0x000001de4a3c1800'
Event: 46.298 Thread 0x000001de48c93850 Unloading class 0x000001de4a3c1400 'java/lang/invoke/LambdaForm$DMH+0x000001de4a3c1400'
Event: 46.298 Thread 0x000001de48c93850 Unloading class 0x000001de4a3c0800 'java/lang/invoke/LambdaForm$MH+0x000001de4a3c0800'
Event: 46.298 Thread 0x000001de48c93850 Unloading class 0x000001de4a3bb000 'java/lang/invoke/LambdaForm$MH+0x000001de4a3bb000'
Event: 46.298 Thread 0x000001de48c93850 Unloading class 0x000001de4a3bac00 'java/lang/invoke/LambdaForm$MH+0x000001de4a3bac00'
Event: 46.298 Thread 0x000001de48c93850 Unloading class 0x000001de4a3ba000 'java/lang/invoke/LambdaForm$MH+0x000001de4a3ba000'
Event: 46.298 Thread 0x000001de48c93850 Unloading class 0x000001de4a3b9800 'java/lang/invoke/LambdaForm$MH+0x000001de4a3b9800'
Event: 46.298 Thread 0x000001de48c93850 Unloading class 0x000001de4a3b9000 'java/lang/invoke/LambdaForm$MH+0x000001de4a3b9000'
Event: 46.298 Thread 0x000001de48c93850 Unloading class 0x000001de4a3b8800 'java/lang/invoke/LambdaForm$MH+0x000001de4a3b8800'
Event: 46.298 Thread 0x000001de48c93850 Unloading class 0x000001de4a3b8000 'java/lang/invoke/LambdaForm$MH+0x000001de4a3b8000'

Classes redefined (0 events):
No events

Internal exceptions (20 events):
Event: 61.255 Thread 0x000001de934ea670 Exception <a 'sun/nio/fs/WindowsException'{0x00000000d6769b58}> (0x00000000d6769b58) 
thrown [s\src\hotspot\share\prims\jni.cpp, line 520]
Event: 61.256 Thread 0x000001de934ea670 Exception <a 'sun/nio/fs/WindowsException'{0x00000000d676a7d0}> (0x00000000d676a7d0) 
thrown [s\src\hotspot\share\prims\jni.cpp, line 520]
Event: 61.256 Thread 0x000001de934ea670 Exception <a 'sun/nio/fs/WindowsException'{0x00000000d676ae10}> (0x00000000d676ae10) 
thrown [s\src\hotspot\share\prims\jni.cpp, line 520]
Event: 61.256 Thread 0x000001de934ea670 Exception <a 'sun/nio/fs/WindowsException'{0x00000000d676bad8}> (0x00000000d676bad8) 
thrown [s\src\hotspot\share\prims\jni.cpp, line 520]
Event: 61.256 Thread 0x000001de934ea670 Exception <a 'sun/nio/fs/WindowsException'{0x00000000d676c108}> (0x00000000d676c108) 
thrown [s\src\hotspot\share\prims\jni.cpp, line 520]
Event: 61.256 Thread 0x000001de934ea670 Exception <a 'sun/nio/fs/WindowsException'{0x00000000d67749a0}> (0x00000000d67749a0) 
thrown [s\src\hotspot\share\prims\jni.cpp, line 520]
Event: 61.256 Thread 0x000001de934ea670 Exception <a 'sun/nio/fs/WindowsException'{0x00000000d6774fd0}> (0x00000000d6774fd0) 
thrown [s\src\hotspot\share\prims\jni.cpp, line 520]
Event: 61.328 Thread 0x000001de905deb40 Exception <a 'java/lang/NoSuchMethodError'{0x00000000d56ad830}: static Lorg/eclipse/m2e/core/internal/project/registry/MavenProjectFacade$MavenProjectConfiguration;.<clinit>()V> (0x00000000d56ad830) 
thrown [s\src\hotspot\share\prims\jni.cpp, line 1111]
Event: 61.331 Thread 0x000001de905deb40 Exception <a 'java/lang/NoSuchMethodError'{0x00000000d56cfbe8}: static [J.<clinit>()V> (0x00000000d56cfbe8) 
thrown [s\src\hotspot\share\prims\jni.cpp, line 1111]
Event: 61.343 Thread 0x000001de905deb40 Exception <a 'sun/nio/fs/WindowsException'{0x00000000d570eff0}> (0x00000000d570eff0) 
thrown [s\src\hotspot\share\prims\jni.cpp, line 520]
Event: 61.344 Thread 0x000001de905deb40 Exception <a 'sun/nio/fs/WindowsException'{0x00000000d5714480}> (0x00000000d5714480) 
thrown [s\src\hotspot\share\prims\jni.cpp, line 520]
Event: 61.386 Thread 0x000001de934e92c0 Exception <a 'java/lang/NoSuchMethodError'{0x00000000d57de020}: 'java.lang.Object java.lang.invoke.DirectMethodHandle$Holder.newInvokeSpecial(java.lang.Object, java.lang.Object, int, java.lang.Object, java.lang.Object)'> (0x00000000d57de020) 
thrown [s\src\hotspot\share\interpreter\linkResolver.cpp, line 773]
Event: 61.640 Thread 0x000001de934ea670 Exception <a 'java/lang/IncompatibleClassChangeError'{0x00000000d5aad148}: Found class java.lang.Object, but interface was expected> (0x00000000d5aad148) 
thrown [s\src\hotspot\share\interpreter\linkResolver.cpp, line 840]
Event: 61.702 Thread 0x000001de934ef530 Exception <a 'java/lang/NoSuchMethodError'{0x00000000d5c6a7c8}: 'java.lang.Object java.lang.invoke.DirectMethodHandle$Holder.invokeStaticInit(java.lang.Object, java.lang.Object, java.lang.Object)'> (0x00000000d5c6a7c8) 
thrown [s\src\hotspot\share\interpreter\linkResolver.cpp, line 773]
Event: 326.686 Thread 0x000001de934e9fe0 Exception <a 'java/lang/NoSuchMethodError'{0x00000000d5f50800}: 'java.lang.Object java.lang.invoke.DirectMethodHandle$Holder.invokeStatic(java.lang.Object, java.lang.Object, int, java.lang.Object)'> (0x00000000d5f50800) 
thrown [s\src\hotspot\share\interpreter\linkResolver.cpp, line 773]
Event: 326.716 Thread 0x000001de934e9fe0 Exception <a 'java/lang/NoSuchMethodError'{0x00000000d60eb448}: 'java.lang.Object java.lang.invoke.Invokers$Holder.linkToTargetMethod(java.lang.Object, java.lang.Object, java.lang.Object, int, java.lang.Object, java.lang.Object, java.lang.Object)'> (0x00000000d60eb448) 
thrown [s\src\hotspot\share\interpreter\linkResolver.cpp, line 773]
Event: 326.764 Thread 0x000001de934e9fe0 Exception <a 'java/io/FileNotFoundException'{0x00000000d62eb358}> (0x00000000d62eb358) 
thrown [s\src\hotspot\share\prims\jni.cpp, line 520]
Event: 326.764 Thread 0x000001de934e9fe0 Exception <a 'java/io/FileNotFoundException'{0x00000000d62ec770}> (0x00000000d62ec770) 
thrown [s\src\hotspot\share\prims\jni.cpp, line 520]
Event: 326.904 Thread 0x000001de905db030 Exception <a 'java/lang/NoSuchMethodError'{0x00000000d63c64e0}: 'int java.lang.invoke.DirectMethodHandle$Holder.invokeStatic(java.lang.Object, java.lang.Object, java.lang.Object, java.lang.Object, java.lang.Object, java.lang.Object)'> (0x00000000d63c64e0) 
thrown [s\src\hotspot\share\interpreter\linkResolver.cpp, line 773]
Event: 826.918 Thread 0x000001de934ea670 Exception <a 'java/lang/IncompatibleClassChangeError'{0x00000000d68d7678}: Found class java.lang.Object, but interface was expected> (0x00000000d68d7678) 
thrown [s\src\hotspot\share\interpreter\linkResolver.cpp, line 840]

ZGC Phase Switch (0 events):
No events

VM Operations (20 events):
Event: 4209.352 Executing VM operation: HandshakeAllThreads (HandshakeForDeflation)
Event: 4209.352 Executing VM operation: HandshakeAllThreads (HandshakeForDeflation) done
Event: 4209.352 Executing VM operation: RendezvousGCThreads
Event: 4209.352 Executing VM operation: RendezvousGCThreads done
Event: 4449.784 Executing VM operation: HandshakeAllThreads (HandshakeForDeflation)
Event: 4449.785 Executing VM operation: HandshakeAllThreads (HandshakeForDeflation) done
Event: 4449.785 Executing VM operation: RendezvousGCThreads
Event: 4449.785 Executing VM operation: RendezvousGCThreads done
Event: 4630.295 Executing VM operation: HandshakeAllThreads (HandshakeForDeflation)
Event: 4630.295 Executing VM operation: HandshakeAllThreads (HandshakeForDeflation) done
Event: 4630.296 Executing VM operation: RendezvousGCThreads
Event: 4630.296 Executing VM operation: RendezvousGCThreads done
Event: 4810.537 Executing VM operation: HandshakeAllThreads (HandshakeForDeflation)
Event: 4810.537 Executing VM operation: HandshakeAllThreads (HandshakeForDeflation) done
Event: 4810.537 Executing VM operation: RendezvousGCThreads
Event: 4810.537 Executing VM operation: RendezvousGCThreads done
Event: 5110.886 Executing VM operation: HandshakeAllThreads (HandshakeForDeflation)
Event: 5110.886 Executing VM operation: HandshakeAllThreads (HandshakeForDeflation) done
Event: 5110.886 Executing VM operation: RendezvousGCThreads
Event: 5110.886 Executing VM operation: RendezvousGCThreads done

Memory protections (0 events):
No events

Nmethod flushes (20 events):
Event: 46.309 Thread 0x000001de48c93850 flushing  nmethod 0x000001de35a31c90
Event: 46.309 Thread 0x000001de48c93850 flushing  nmethod 0x000001de35a32590
Event: 46.309 Thread 0x000001de48c93850 flushing  nmethod 0x000001de35a33790
Event: 46.309 Thread 0x000001de48c93850 flushing  nmethod 0x000001de35a34e90
Event: 46.309 Thread 0x000001de48c93850 flushing  nmethod 0x000001de35a35610
Event: 46.309 Thread 0x000001de48c93850 flushing  nmethod 0x000001de35a36b90
Event: 46.309 Thread 0x000001de48c93850 flushing  nmethod 0x000001de35a37710
Event: 46.309 Thread 0x000001de48c93850 flushing  nmethod 0x000001de35a37c10
Event: 46.309 Thread 0x000001de48c93850 flushing  nmethod 0x000001de35a38e90
Event: 46.309 Thread 0x000001de48c93850 flushing  nmethod 0x000001de35a39290
Event: 46.309 Thread 0x000001de48c93850 flushing  nmethod 0x000001de35a42f10
Event: 46.309 Thread 0x000001de48c93850 flushing  nmethod 0x000001de35a43410
Event: 46.309 Thread 0x000001de48c93850 flushing  nmethod 0x000001de35a43e90
Event: 46.309 Thread 0x000001de48c93850 flushing  nmethod 0x000001de35a5cf90
Event: 46.309 Thread 0x000001de48c93850 flushing  nmethod 0x000001de35a62d90
Event: 46.309 Thread 0x000001de48c93850 flushing  nmethod 0x000001de35a72490
Event: 46.309 Thread 0x000001de48c93850 flushing  nmethod 0x000001de35a75290
Event: 46.309 Thread 0x000001de48c93850 flushing  nmethod 0x000001de35a7ac10
Event: 46.309 Thread 0x000001de48c93850 flushing  nmethod 0x000001de35aa9790
Event: 46.309 Thread 0x000001de48c93850 flushing  nmethod 0x000001de35ada890

Events (20 events):
Event: 122.446 Thread 0x000001de905deb40 Thread exited: 0x000001de905deb40
Event: 122.446 Thread 0x000001de934e92c0 Thread exited: 0x000001de934e92c0
Event: 122.877 Thread 0x000001de934eba20 Thread exited: 0x000001de934eba20
Event: 122.877 Thread 0x000001de934ead00 Thread exited: 0x000001de934ead00
Event: 181.715 Thread 0x000001de934e8c30 Thread exited: 0x000001de934e8c30
Event: 241.723 Thread 0x000001de934eeea0 Thread exited: 0x000001de934eeea0
Event: 326.741 Thread 0x000001de48cc01a0 Thread added: 0x000001de90e1eb60
Event: 326.896 Thread 0x000001de905db030 Thread added: 0x000001de934e8c30
Event: 326.897 Thread 0x000001de90e1eb60 Thread exited: 0x000001de90e1eb60
Event: 327.461 Thread 0x000001de934eb390 Thread exited: 0x000001de934eb390
Event: 626.779 Thread 0x000001de934e8c30 Thread added: 0x000001de934ec0b0
Event: 626.780 Thread 0x000001de934ec0b0 Thread exited: 0x000001de934ec0b0
Event: 626.782 Thread 0x000001de934e8c30 Thread added: 0x000001de934ead00
Event: 626.782 Thread 0x000001de934ead00 Thread exited: 0x000001de934ead00
Event: 626.905 Thread 0x000001de934e8c30 Thread added: 0x000001de934ead00
Event: 686.914 Thread 0x000001de934e8c30 Thread exited: 0x000001de934e8c30
Event: 1698.603 Thread 0x000001de905db030 Thread added: 0x000001de934eba20
Event: 1698.603 Thread 0x000001de934eba20 Thread exited: 0x000001de934eba20
Event: 1698.605 Thread 0x000001de905db030 Thread added: 0x000001de934eba20
Event: 1698.606 Thread 0x000001de934eba20 Thread exited: 0x000001de934eba20


Dynamic libraries:
0x00007ff72bd60000 - 0x00007ff72bd6e000 	c:\Users\lenovo\.vscode\extensions\redhat.java-1.50.0-win32-x64\jre\21.0.9-win32-x86_64\bin\java.exe
0x00007ff8997c0000 - 0x00007ff899a27000 	C:\WINDOWS\SYSTEM32\ntdll.dll
0x00007ff8986e0000 - 0x00007ff8987a9000 	C:\WINDOWS\System32\KERNEL32.DLL
0x00007ff896e60000 - 0x00007ff89724f000 	C:\WINDOWS\System32\KERNELBASE.dll
0x00007ff892710000 - 0x00007ff8927af000 	C:\WINDOWS\SYSTEM32\apphelp.dll
0x00007ff8972f0000 - 0x00007ff89743b000 	C:\WINDOWS\System32\ucrtbase.dll
0x00007ff88d400000 - 0x00007ff88d41e000 	c:\Users\lenovo\.vscode\extensions\redhat.java-1.50.0-win32-x64\jre\21.0.9-win32-x86_64\bin\VCRUNTIME140.dll
0x00007ff889e80000 - 0x00007ff889e98000 	c:\Users\lenovo\.vscode\extensions\redhat.java-1.50.0-win32-x64\jre\21.0.9-win32-x86_64\bin\jli.dll
0x00007ff897aa0000 - 0x00007ff897c65000 	C:\WINDOWS\System32\USER32.dll
0x00007ff895960000 - 0x00007ff895bf3000 	C:\WINDOWS\WinSxS\amd64_microsoft.windows.common-controls_6595b64144ccf1df_6.0.26100.7309_none_3e05feeae336a044\COMCTL32.dll
0x00007ff897500000 - 0x00007ff897527000 	C:\WINDOWS\System32\win32u.dll
0x00007ff8977f0000 - 0x00007ff897899000 	C:\WINDOWS\System32\msvcrt.dll
0x00007ff8977c0000 - 0x00007ff8977eb000 	C:\WINDOWS\System32\GDI32.dll
0x00007ff896c80000 - 0x00007ff896dac000 	C:\WINDOWS\System32\gdi32full.dll
0x00007ff896bd0000 - 0x00007ff896c73000 	C:\WINDOWS\System32\msvcp_win.dll
0x00007ff8990c0000 - 0x00007ff8990f1000 	C:\WINDOWS\System32\IMM32.DLL
0x00007ff88d3f0000 - 0x00007ff88d3fc000 	c:\Users\lenovo\.vscode\extensions\redhat.java-1.50.0-win32-x64\jre\21.0.9-win32-x86_64\bin\vcruntime140_1.dll
0x00007ff889cb0000 - 0x00007ff889d3d000 	c:\Users\lenovo\.vscode\extensions\redhat.java-1.50.0-win32-x64\jre\21.0.9-win32-x86_64\bin\msvcp140.dll
0x00007fffc4670000 - 0x00007fffc5410000 	c:\Users\lenovo\.vscode\extensions\redhat.java-1.50.0-win32-x64\jre\21.0.9-win32-x86_64\bin\server\jvm.dll
0x00007ff899690000 - 0x00007ff899744000 	C:\WINDOWS\System32\ADVAPI32.dll
0x00007ff8984c0000 - 0x00007ff898566000 	C:\WINDOWS\System32\sechost.dll
0x00007ff8985c0000 - 0x00007ff8986d8000 	C:\WINDOWS\System32\RPCRT4.dll
0x00007ff897a20000 - 0x00007ff897a94000 	C:\WINDOWS\System32\WS2_32.dll
0x00007ff896760000 - 0x00007ff8967be000 	C:\WINDOWS\SYSTEM32\POWRPROF.dll
0x00007ff887e50000 - 0x00007ff887e85000 	C:\WINDOWS\SYSTEM32\WINMM.dll
0x00007ff894bd0000 - 0x00007ff894bdb000 	C:\WINDOWS\SYSTEM32\VERSION.dll
0x00007ff896740000 - 0x00007ff896754000 	C:\WINDOWS\SYSTEM32\UMPDC.dll
0x00007ff894c70000 - 0x00007ff894c8b000 	C:\WINDOWS\SYSTEM32\kernel.appcore.dll
0x00007ff889e70000 - 0x00007ff889e7a000 	c:\Users\lenovo\.vscode\extensions\redhat.java-1.50.0-win32-x64\jre\21.0.9-win32-x86_64\bin\jimage.dll
0x00007ff896090000 - 0x00007ff8962d2000 	C:\WINDOWS\SYSTEM32\DBGHELP.DLL
0x00007ff899300000 - 0x00007ff899685000 	C:\WINDOWS\System32\combase.dll
0x00007ff897c80000 - 0x00007ff897d56000 	C:\WINDOWS\System32\OLEAUT32.dll
0x00007ff895f80000 - 0x00007ff895fbc000 	C:\WINDOWS\SYSTEM32\dbgcore.DLL
0x00007ff896db0000 - 0x00007ff896e55000 	C:\WINDOWS\System32\bcryptPrimitives.dll
0x00007ff889e60000 - 0x00007ff889e6f000 	c:\Users\lenovo\.vscode\extensions\redhat.java-1.50.0-win32-x64\jre\21.0.9-win32-x86_64\bin\instrument.dll
0x00007ff889df0000 - 0x00007ff889e10000 	c:\Users\lenovo\.vscode\extensions\redhat.java-1.50.0-win32-x64\jre\21.0.9-win32-x86_64\bin\java.dll
0x00007ff897d60000 - 0x00007ff8984b3000 	C:\WINDOWS\System32\SHELL32.dll
0x00007ff896a60000 - 0x00007ff896bca000 	C:\WINDOWS\System32\wintypes.dll
0x00007ff893340000 - 0x00007ff893b9e000 	C:\WINDOWS\SYSTEM32\windows.storage.dll
0x00007ff897920000 - 0x00007ff897a15000 	C:\WINDOWS\System32\SHCORE.dll
0x00007ff899200000 - 0x00007ff899266000 	C:\WINDOWS\System32\shlwapi.dll
0x00007ff8967d0000 - 0x00007ff8967f9000 	C:\WINDOWS\SYSTEM32\profapi.dll
0x00007ff889dd0000 - 0x00007ff889de8000 	c:\Users\lenovo\.vscode\extensions\redhat.java-1.50.0-win32-x64\jre\21.0.9-win32-x86_64\bin\zip.dll
0x00007ff889ca0000 - 0x00007ff889cb0000 	C:\Users\lenovo\.vscode\extensions\redhat.java-1.50.0-win32-x64\jre\21.0.9-win32-x86_64\bin\net.dll
0x00007ff88e870000 - 0x00007ff88e998000 	C:\WINDOWS\SYSTEM32\WINHTTP.dll
0x00007ff894b20000 - 0x00007ff894b8b000 	C:\WINDOWS\system32\mswsock.dll
0x00007ff889bf0000 - 0x00007ff889c06000 	C:\Users\lenovo\.vscode\extensions\redhat.java-1.50.0-win32-x64\jre\21.0.9-win32-x86_64\bin\nio.dll
0x00007ff889b60000 - 0x00007ff889b70000 	c:\Users\lenovo\.vscode\extensions\redhat.java-1.50.0-win32-x64\jre\21.0.9-win32-x86_64\bin\verify.dll
0x00007ff8722f0000 - 0x00007ff872334000 	C:\Users\lenovo\AppData\Roaming\Code\User\globalStorage\redhat.java\1.50.0\config_win\org.eclipse.equinox.launcher\org.eclipse.equinox.launcher.win32.win32.x86_64_1.2.1400.v20250801-0854\eclipse_11916.dll
0x00007ff8987b0000 - 0x00007ff898947000 	C:\WINDOWS\System32\ole32.dll
0x00007ff8805b0000 - 0x00007ff8805ba000 	C:\Users\lenovo\.vscode\extensions\redhat.java-1.50.0-win32-x64\jre\21.0.9-win32-x86_64\bin\management.dll
0x00007ff872730000 - 0x00007ff87273c000 	C:\Users\lenovo\.vscode\extensions\redhat.java-1.50.0-win32-x64\jre\21.0.9-win32-x86_64\bin\management_ext.dll
0x00007ff897c70000 - 0x00007ff897c78000 	C:\WINDOWS\System32\PSAPI.DLL
0x00007ff896400000 - 0x00007ff89641b000 	C:\WINDOWS\SYSTEM32\CRYPTSP.dll
0x00007ff8945e0000 - 0x00007ff89461a000 	C:\WINDOWS\system32\rsaenh.dll
0x00007ff894be0000 - 0x00007ff894c0b000 	C:\WINDOWS\SYSTEM32\USERENV.dll
0x00007ff896800000 - 0x00007ff89682a000 	C:\WINDOWS\SYSTEM32\bcrypt.dll
0x00007ff894e00000 - 0x00007ff894e0c000 	C:\WINDOWS\SYSTEM32\CRYPTBASE.dll
0x00007ff894070000 - 0x00007ff8940a4000 	C:\WINDOWS\SYSTEM32\IPHLPAPI.DLL
0x00007ff8977b0000 - 0x00007ff8977ba000 	C:\WINDOWS\System32\NSI.dll
0x00007ff845a20000 - 0x00007ff845a69000 	C:\Users\lenovo\AppData\Local\Temp\jna--1106355917\jna3970192226409205389.dll
0x00007ff88ee40000 - 0x00007ff88ee5e000 	C:\WINDOWS\SYSTEM32\dhcpcsvc6.DLL
0x00007ff88ed00000 - 0x00007ff88ed23000 	C:\WINDOWS\SYSTEM32\dhcpcsvc.DLL
0x00007ff872380000 - 0x00007ff87238e000 	C:\Users\lenovo\.vscode\extensions\redhat.java-1.50.0-win32-x64\jre\21.0.9-win32-x86_64\bin\sunmscapi.dll
0x00007ff8968e0000 - 0x00007ff896a57000 	C:\WINDOWS\System32\CRYPT32.dll
0x00007ff8958f0000 - 0x00007ff895920000 	C:\WINDOWS\SYSTEM32\ncrypt.dll
0x00007ff8958a0000 - 0x00007ff8958df000 	C:\WINDOWS\SYSTEM32\NTASN1.dll
0x00007ff8940b0000 - 0x00007ff8941dc000 	C:\WINDOWS\SYSTEM32\DNSAPI.dll
0x00007ff88e1c0000 - 0x00007ff88e1cb000 	C:\Windows\System32\rasadhlp.dll
0x00007ff88f260000 - 0x00007ff88f2e6000 	C:\WINDOWS\System32\fwpuclnt.dll
0x00007ff872370000 - 0x00007ff872379000 	C:\Users\lenovo\.vscode\extensions\redhat.java-1.50.0-win32-x64\jre\21.0.9-win32-x86_64\bin\extnet.dll

JVMTI agents:
c:\Users\lenovo\.vscode\extensions\redhat.java-1.50.0-win32-x64\lombok\lombok-1.18.39-4050.jar path:c:\Users\lenovo\.vscode\extensions\redhat.java-1.50.0-win32-x64\jre\21.0.9-win32-x86_64\bin\instrument.dll, loaded, initialized, instrumentlib options:none

dbghelp: loaded successfully - version: 4.0.5 - missing functions: none
symbol engine: initialized successfully - sym options: 0x614 - pdb path: .;c:\Users\lenovo\.vscode\extensions\redhat.java-1.50.0-win32-x64\jre\21.0.9-win32-x86_64\bin;C:\WINDOWS\SYSTEM32;C:\WINDOWS\WinSxS\amd64_microsoft.windows.common-controls_6595b64144ccf1df_6.0.26100.7309_none_3e05feeae336a044;c:\Users\lenovo\.vscode\extensions\redhat.java-1.50.0-win32-x64\jre\21.0.9-win32-x86_64\bin\server;C:\Users\lenovo\AppData\Roaming\Code\User\globalStorage\redhat.java\1.50.0\config_win\org.eclipse.equinox.launcher\org.eclipse.equinox.launcher.win32.win32.x86_64_1.2.1400.v20250801-0854;C:\Users\lenovo\AppData\Local\Temp\jna--1106355917

VM Arguments:
jvm_args: --add-modules=ALL-SYSTEM --add-opens=java.base/java.util=ALL-UNNAMED --add-opens=java.base/java.lang=ALL-UNNAMED --add-opens=java.base/sun.nio.fs=ALL-UNNAMED -Declipse.application=org.eclipse.jdt.ls.core.id1 -Dosgi.bundles.defaultStartLevel=4 -Declipse.product=org.eclipse.jdt.ls.core.product -Djava.import.generatesMetadataFilesAtProjectRoot=false -DDetectVMInstallationsJob.disabled=true -Dfile.encoding=utf8 -XX:+UseParallelGC -XX:GCTimeRatio=4 -XX:AdaptiveSizePolicyWeight=90 -Dsun.zip.disableMemoryMapping=true -Xmx2G -Xms100m -Xlog:disable -javaagent:c:\Users\lenovo\.vscode\extensions\redhat.java-1.50.0-win32-x64\lombok\lombok-1.18.39-4050.jar -XX:+HeapDumpOnOutOfMemoryError -XX:HeapDumpPath=c:\Users\lenovo\AppData\Roaming\Code\User\workspaceStorage\6a0b0fa8397d01a94010c20c840e3635\redhat.java -Daether.dependencyCollector.impl=bf 
java_command: c:\Users\lenovo\.vscode\extensions\redhat.java-1.50.0-win32-x64\server\plugins\org.eclipse.equinox.launcher_1.7.100.v20251111-0406.jar -configuration c:\Users\lenovo\AppData\Roaming\Code\User\globalStorage\redhat.java\1.50.0\config_win -data c:\Users\lenovo\AppData\Roaming\Code\User\workspaceStorage\6a0b0fa8397d01a94010c20c840e3635\redhat.java\jdt_ws --pipe=\\.\pipe\lsp-6f5d128df5bc0ee971598aa23b56aef7-sock
java_class_path (initial): c:\Users\lenovo\.vscode\extensions\redhat.java-1.50.0-win32-x64\server\plugins\org.eclipse.equinox.launcher_1.7.100.v20251111-0406.jar
Launcher Type: SUN_STANDARD

[Global flags]
    uintx AdaptiveSizePolicyWeight                 = 90                                        {product} {command line}
     intx CICompilerCount                          = 4                                         {product} {ergonomic}
    uintx GCTimeRatio                              = 4                                         {product} {command line}
     bool HeapDumpOnOutOfMemoryError               = true                                   {manageable} {command line}
    ccstr HeapDumpPath                             = c:\Users\lenovo\AppData\Roaming\Code\User\workspaceStorage\6a0b0fa8397d01a94010c20c840e3635\redhat.java         {manageable} {command line}
   size_t InitialHeapSize                          = 104857600                                 {product} {command line}
   size_t MaxHeapSize                              = 2147483648                                {product} {command line}
   size_t MaxNewSize                               = 715653120                                 {product} {ergonomic}
   size_t MinHeapDeltaBytes                        = 524288                                    {product} {ergonomic}
   size_t MinHeapSize                              = 104857600                                 {product} {command line}
   size_t NewSize                                  = 34603008                                  {product} {ergonomic}
    uintx NonNMethodCodeHeapSize                   = 5839372                                {pd product} {ergonomic}
    uintx NonProfiledCodeHeapSize                  = 122909434                              {pd product} {ergonomic}
   size_t OldSize                                  = 70254592                                  {product} {ergonomic}
    uintx ProfiledCodeHeapSize                     = 122909434                              {pd product} {ergonomic}
    uintx ReservedCodeCacheSize                    = 251658240                              {pd product} {ergonomic}
     bool SegmentedCodeCache                       = true                                      {product} {ergonomic}
   size_t SoftMaxHeapSize                          = 2147483648                             {manageable} {ergonomic}
     bool UseCompressedOops                        = true                           {product lp64_product} {ergonomic}
     bool UseLargePagesIndividualAllocation        = false                                  {pd product} {ergonomic}
     bool UseParallelGC                            = true                                      {product} {command line}

Logging:
Log output configuration:
 #0: stdout all=off uptime,level,tags foldmultilines=false
 #1: stderr all=off uptime,level,tags foldmultilines=false

Release file:
JAVA_VERSION="21.0.9" 
MODULES="java.base java.compiler java.datatransfer java.xml java.prefs java.desktop java.instrument java.logging java.management java.security.sasl java.naming java.rmi java.management.rmi java.net.http java.scripting java.security.jgss java.transaction.xa java.sql java.sql.rowset java.xml.crypto java.se java.smartcardio jdk.accessibility jdk.internal.jvmstat jdk.attach jdk.charsets jdk.internal.opt jdk.zipfs jdk.compiler jdk.crypto.ec jdk.crypto.cryptoki jdk.crypto.mscapi jdk.dynalink jdk.internal.ed jdk.editpad jdk.hotspot.agent jdk.httpserver jdk.internal.le jdk.internal.vm.ci jdk.internal.vm.compiler jdk.internal.vm.compiler.management jdk.jartool jdk.javadoc jdk.jcmd jdk.management jdk.management.agent jdk.jconsole jdk.jdeps jdk.jdwp.agent jdk.jdi jdk.jfr jdk.jshell jdk.jsobject jdk.jstatd jdk.localedata jdk.management.jfr jdk.naming.dns jdk.naming.rmi jdk.net jdk.nio.mapmode jdk.random jdk.sctp jdk.security.auth jdk.security.jgss jdk.unsupported jdk.unsupported.desktop jdk.xml.dom" 

Environment Variables:
JAVA_HOME=C:\Program Files\Java\jdk-17
PATH=C:\Program Files\Java\jdk-17\bin;C:\Program Files (x86)\VMware\VMware Workstation\bin\;C:\Oracle\WINDOWS.X64_213000_db_home\bin;C:\WINDOWS\system32;C:\WINDOWS;C:\WINDOWS\System32\Wbem;C:\WINDOWS\System32\WindowsPowerShell\v1.0\;C:\WINDOWS\System32\OpenSSH\;C:\Program Files\MySQL\MySQL Server 8.0\bin;C:\Program Files\apache-maven-3.9.9\bin;C:\Program Files\Git\cmd;C:\Users\lenovo;C:\Program Files\nodejs\;C:\Program Files\Docker\Docker\resources\bin;C:\hadoop\bin;C:\spark\spark-3.5.7-bin-hadoop3\bin;C:\Program Files\Common Files\Oracle\Java\javapath;C:\Program Files (x86)\Common Files\Oracle\Java\java8path;C:\Program Files (x86)\Common Files\Oracle\Java\javapath;C:\Users\lenovo\AppData\Local\Programs\Python\Python313\Scripts\;C:\Users\lenovo\AppData\Local\Programs\Python\Python313\;C:\Users\lenovo\AppData\Local\Programs\Python\Launcher\;C:\Program Files\MySQL\MySQL Shell 8.0\bin\;C:\Users\lenovo\AppData\Local\Microsoft\WindowsApps;;C:\Program Files\JetBrains\IntelliJ IDEA 2024.3\bin;;C:\Users\lenovo\AppData\Local\Programs\Microsoft VS Code\bin;C:\Users\lenovo\AppData\Roaming\npm
USERNAME=lenovo
OS=Windows_NT
PROCESSOR_IDENTIFIER=Intel64 Family 6 Model 140 Stepping 1, GenuineIntel
TMP=C:\Users\lenovo\AppData\Local\Temp
TEMP=C:\Users\lenovo\AppData\Local\Temp




Periodic native trim disabled

---------------  S Y S T E M  ---------------

OS:
 Windows 11 , 64 bit Build 26100 (10.0.26100.7309)
OS uptime: 1 days 0:38 hours
Hyper-V role detected

CPU: total 8 (initial active 8) (4 cores per cpu, 2 threads per core) family 6 model 140 stepping 1 microcode 0x78, cx8, cmov, fxsr, ht, mmx, 3dnowpref, sse, sse2, sse3, ssse3, sse4.1, sse4.2, popcnt, lzcnt, tsc, tscinvbit, avx, avx2, aes, erms, clmul, bmi1, bmi2, adx, avx512f, avx512dq, avx512cd, avx512bw, avx512vl, sha, fma, vzeroupper, avx512_vpopcntdq, avx512_vpclmulqdq, avx512_vaes, avx512_vnni, clflush, clflushopt, clwb, avx512_vbmi2, avx512_vbmi, hv, rdtscp, rdpid, fsrm, gfni, avx512_bitalg, f16c, cet_ibt, cet_ss, avx512_ifma
Processor Information for processor 0
  Max Mhz: 2419, Current Mhz: 2419, Mhz Limit: 2419
Processor Information for processor 1
  Max Mhz: 2419, Current Mhz: 2419, Mhz Limit: 2419
Processor Information for processor 2
  Max Mhz: 2419, Current Mhz: 2419, Mhz Limit: 2419
Processor Information for processor 3
  Max Mhz: 2419, Current Mhz: 1209, Mhz Limit: 2419
Processor Information for processor 4
  Max Mhz: 2419, Current Mhz: 1209, Mhz Limit: 2419
Processor Information for processor 5
  Max Mhz: 2419, Current Mhz: 1209, Mhz Limit: 2419
Processor Information for processor 6
  Max Mhz: 2419, Current Mhz: 2419, Mhz Limit: 2419
Processor Information for processor 7
  Max Mhz: 2419, Current Mhz: 1209, Mhz Limit: 2419

Memory: 4k page, system-wide physical 20279M (2643M free)
TotalPageFile size 46400M (AvailPageFile size 5393M)
current process WorkingSet (physical memory assigned to process): 17M, peak: 262M
current process commit charge ("private bytes"): 327M, peak: 371M

vm_info: OpenJDK 64-Bit Server VM (21.0.9+10-LTS) for windows-amd64 JRE (21.0.9+10-LTS), built on 2025-10-21T00:00:00Z by "admin" with unknown MS VC++:1942

END.
